<?xml version="1.0" encoding="UTF-8"?>
<!-- Generated by org.testng.reporters.JUnitXMLReporter -->
<testsuite ignored="3" hostname="NDI-LAP-295" failures="0" tests="1" name="Default test" time="0.084" errors="0" timestamp="20 Feb 2023 16:43:39 GMT">
  <testcase classname="com.crm.qa.testcases.ContactsPageTest" name="validateCreateNewContact" time="0.0">
    <skipped/>
  </testcase> <!-- validateCreateNewContact -->
  <testcase classname="com.crm.qa.testcases.ContactsPageTest" name="selectMultipleContactsTest" time="0.0">
    <ignored/>
  </testcase> <!-- selectMultipleContactsTest -->
  <testcase classname="com.crm.qa.testcases.ContactsPageTest" name="verifyContactsPageLabel" time="0.0">
    <ignored/>
  </testcase> <!-- verifyContactsPageLabel -->
  <testcase classname="com.crm.qa.testcases.ContactsPageTest" name="selectSingleContactsTest" time="0.0">
    <ignored/>
  </testcase> <!-- selectSingleContactsTest -->
</testsuite> <!-- Default test -->
